
> harish-portfolio@0.1.0 build
> next build

   ▲ Next.js 14.1.0

   Creating an optimized production build ...
 ✓ Compiled successfully
   Linting and checking validity of types ...
   Collecting page data ...
   Generating static pages (0/4) ...
   Generating static pages (1/4) 
   Generating static pages (2/4) 
   Generating static pages (3/4) 
 ✓ Generating static pages (4/4) 
   Finalizing page optimization ...
   Collecting build traces ...

Route (app)                              Size     First Load JS
┌ ○ /                                    12.9 kB        97.1 kB
└ ○ /_not-found                          882 B          85.1 kB
+ First Load JS shared by all            84.2 kB
  ├ chunks/69-99377b6db6a9769e.js        28.9 kB
  ├ chunks/fd9d1056-8274383bafd9d60d.js  53.4 kB
  └ other shared chunks (total)          1.96 kB


○  (Static)  prerendered as static content

