
> harish-portfolio@0.1.0 build
> next build

   ▲ Next.js 14.1.0

   Creating an optimized production build ...
Failed to compile.

./app/page.js
Module not found: Can't resolve '@/components/Navbar'

https://nextjs.org/docs/messages/module-not-found

./app/page.js
Module not found: Can't resolve '@/components/Hero'

https://nextjs.org/docs/messages/module-not-found

./app/page.js
Module not found: Can't resolve '@/components/About'

https://nextjs.org/docs/messages/module-not-found

./app/page.js
Module not found: Can't resolve '@/components/Skills'

https://nextjs.org/docs/messages/module-not-found

./app/page.js
Module not found: Can't resolve '@/components/Experience'

https://nextjs.org/docs/messages/module-not-found


> Build failed because of webpack errors
